<?xml version="1.0" encoding="UTF-8"?>
<testsuite name="ru.kirillvodu.dorogame.stats.presentation.controllers.StatsControllerTest" tests="4" skipped="0" failures="0" errors="0" timestamp="2026-05-30T22:09:57.436Z" hostname="DESKTOP-C2BB2F2" time="0.472">
  <properties/>
  <testcase name="getHistory_noResults_returnsEmptyList()" classname="ru.kirillvodu.dorogame.stats.presentation.controllers.StatsControllerTest" time="0.256"/>
  <testcase name="getHistory_returnsGameResults()" classname="ru.kirillvodu.dorogame.stats.presentation.controllers.StatsControllerTest" time="0.116"/>
  <testcase name="getStats_found_returnsPlayerStats()" classname="ru.kirillvodu.dorogame.stats.presentation.controllers.StatsControllerTest" time="0.06"/>
  <testcase name="getStats_notFound_returns404()" classname="ru.kirillvodu.dorogame.stats.presentation.controllers.StatsControllerTest" time="0.037"/>
  <system-out><![CDATA[01:09:50.415 [Test worker] INFO org.testcontainers.images.PullPolicy -- Image pull policy will be performed by: DefaultPullPolicy()
01:09:50.419 [Test worker] INFO org.testcontainers.utility.ImageNameSubstitutor -- Image name substitution will be performed by: DefaultImageNameSubstitutor (composite of 'ConfigurationFileImageNameSubstitutor' and 'PrefixingImageNameSubstitutor')
01:09:50.433 [Test worker] INFO org.testcontainers.DockerClientFactory -- Testcontainers version: 1.20.4
01:09:50.634 [Test worker] INFO org.testcontainers.dockerclient.DockerClientProviderStrategy -- Loaded org.testcontainers.dockerclient.NpipeSocketClientProviderStrategy from ~/.testcontainers.properties, will try it first
01:09:50.938 [Test worker] INFO org.testcontainers.dockerclient.DockerClientProviderStrategy -- Found Docker environment with local Npipe socket (npipe:////./pipe/docker_engine)
01:09:50.939 [Test worker] INFO org.testcontainers.DockerClientFactory -- Docker host IP address is localhost
01:09:50.963 [Test worker] INFO org.testcontainers.DockerClientFactory -- Connected to docker: 
  Server Version: 26.0.0
  API Version: 1.45
  Operating System: Docker Desktop
  Total Memory: 7793 MB
  Labels: 
    com.docker.desktop.address=npipe://\\.\pipe\docker_cli
01:09:51.011 [Test worker] INFO tc.testcontainers/ryuk:0.11.0 -- Creating container for image: testcontainers/ryuk:0.11.0
01:09:51.173 [Test worker] INFO org.testcontainers.utility.RegistryAuthLocator -- Credential helper/store (docker-credential-desktop) does not have credentials for https://index.docker.io/v1/
01:09:51.368 [Test worker] INFO tc.testcontainers/ryuk:0.11.0 -- Container testcontainers/ryuk:0.11.0 is starting: a1b91af6c31a48bf2a9f42c2a9db76de5fab54df52f9912fedeb2d8a411d4442
01:09:51.770 [Test worker] INFO tc.testcontainers/ryuk:0.11.0 -- Container testcontainers/ryuk:0.11.0 started in PT0.7587731S
01:09:51.777 [Test worker] INFO org.testcontainers.utility.RyukResourceReaper -- Ryuk started - will monitor and terminate Testcontainers containers on JVM exit
01:09:51.777 [Test worker] INFO org.testcontainers.DockerClientFactory -- Checking the system...
01:09:51.778 [Test worker] INFO org.testcontainers.DockerClientFactory -- ✔︎ Docker server version should be at least 1.6.0
01:09:51.779 [Test worker] INFO tc.postgres:16-alpine -- Creating container for image: postgres:16-alpine
01:09:51.830 [Test worker] INFO tc.postgres:16-alpine -- Container postgres:16-alpine is starting: 2aa60a65c6f21c225e4cef3f791b46ed4756ff0443df07add4dba69a374512f4
01:09:53.080 [Test worker] INFO tc.postgres:16-alpine -- Container postgres:16-alpine started in PT1.30044S
01:09:53.081 [Test worker] INFO tc.postgres:16-alpine -- Container is started (JDBC URL: jdbc:postgresql://localhost:56317/statsdb_test?loggerLevel=OFF)

  .   ____          _            __ _ _
 /\\ / ___'_ __ _ _(_)_ __  __ _ \ \ \ \
( ( )\___ | '_ | '_| | '_ \/ _` | \ \ \ \
 \\/  ___)| |_)| | | | | || (_| |  ) ) ) )
  '  |____| .__|_| |_|_| |_\__, | / / / /
 =========|_|==============|___/=/_/_/_/

 :: Spring Boot ::                (v3.4.4)

2026-05-31T01:09:53.575+03:00  INFO 29832 --- [stats-service] [    Test worker] r.k.d.s.p.c.StatsControllerTest          : Starting StatsControllerTest using Java 21.0.7 with PID 29832 (started by kirill in C:\Users\kirill\DoroGameJava\stats-service)
2026-05-31T01:09:53.575+03:00  INFO 29832 --- [stats-service] [    Test worker] r.k.d.s.p.c.StatsControllerTest          : No active profile set, falling back to 1 default profile: "default"
2026-05-31T01:09:54.283+03:00  INFO 29832 --- [stats-service] [    Test worker] .s.d.r.c.RepositoryConfigurationDelegate : Bootstrapping Spring Data JPA repositories in DEFAULT mode.
2026-05-31T01:09:54.367+03:00  INFO 29832 --- [stats-service] [    Test worker] .s.d.r.c.RepositoryConfigurationDelegate : Finished Spring Data repository scanning in 70 ms. Found 2 JPA repository interfaces.
2026-05-31T01:09:55.016+03:00  INFO 29832 --- [stats-service] [    Test worker] o.hibernate.jpa.internal.util.LogHelper  : HHH000204: Processing PersistenceUnitInfo [name: default]
2026-05-31T01:09:55.083+03:00  INFO 29832 --- [stats-service] [    Test worker] org.hibernate.Version                    : HHH000412: Hibernate ORM core version 6.6.11.Final
2026-05-31T01:09:55.128+03:00  INFO 29832 --- [stats-service] [    Test worker] o.h.c.internal.RegionFactoryInitiator    : HHH000026: Second-level cache disabled
2026-05-31T01:09:55.292+03:00  INFO 29832 --- [stats-service] [    Test worker] o.s.o.j.p.SpringPersistenceUnitInfo      : No LoadTimeWeaver setup: ignoring JPA class transformer
2026-05-31T01:09:55.341+03:00  INFO 29832 --- [stats-service] [    Test worker] com.zaxxer.hikari.HikariDataSource       : HikariPool-1 - Starting...
2026-05-31T01:09:55.525+03:00  INFO 29832 --- [stats-service] [    Test worker] com.zaxxer.hikari.pool.HikariPool        : HikariPool-1 - Added connection org.postgresql.jdbc.PgConnection@170937fe
2026-05-31T01:09:55.527+03:00  INFO 29832 --- [stats-service] [    Test worker] com.zaxxer.hikari.HikariDataSource       : HikariPool-1 - Start completed.
2026-05-31T01:09:55.616+03:00  INFO 29832 --- [stats-service] [    Test worker] org.hibernate.orm.connections.pooling    : HHH10001005: Database info:
	Database JDBC URL [Connecting through datasource 'HikariDataSource (HikariPool-1)']
	Database driver: undefined/unknown
	Database version: 16.13
	Autocommit mode: undefined/unknown
	Isolation level: undefined/unknown
	Minimum pool size: undefined/unknown
	Maximum pool size: undefined/unknown
2026-05-31T01:09:56.469+03:00  INFO 29832 --- [stats-service] [    Test worker] o.h.e.t.j.p.i.JtaPlatformInitiator       : HHH000489: No JTA platform available (set 'hibernate.transaction.jta.platform' to enable JTA platform integration)
2026-05-31T01:09:56.537+03:00  WARN 29832 --- [stats-service] [    Test worker] o.h.engine.jdbc.spi.SqlExceptionHelper   : SQL Warning Code: 0, SQLState: 00000
2026-05-31T01:09:56.537+03:00  WARN 29832 --- [stats-service] [    Test worker] o.h.engine.jdbc.spi.SqlExceptionHelper   : constraint "ukl4k0hn0g5bpvo38ngc8yxguq9" of relation "player_stats" does not exist, skipping
2026-05-31T01:09:56.542+03:00  INFO 29832 --- [stats-service] [    Test worker] j.LocalContainerEntityManagerFactoryBean : Initialized JPA EntityManagerFactory for persistence unit 'default'
2026-05-31T01:09:57.085+03:00  WARN 29832 --- [stats-service] [    Test worker] JpaBaseConfiguration$JpaWebConfiguration : spring.jpa.open-in-view is enabled by default. Therefore, database queries may be performed during view rendering. Explicitly configure spring.jpa.open-in-view to disable this warning
2026-05-31T01:09:57.390+03:00  INFO 29832 --- [stats-service] [    Test worker] o.s.b.t.m.w.SpringBootMockServletContext : Initializing Spring TestDispatcherServlet ''
2026-05-31T01:09:57.391+03:00  INFO 29832 --- [stats-service] [    Test worker] o.s.t.web.servlet.TestDispatcherServlet  : Initializing Servlet ''
2026-05-31T01:09:57.393+03:00  INFO 29832 --- [stats-service] [    Test worker] o.s.t.web.servlet.TestDispatcherServlet  : Completed initialization in 1 ms
2026-05-31T01:09:57.425+03:00  INFO 29832 --- [stats-service] [    Test worker] r.k.d.s.p.c.StatsControllerTest          : Started StatsControllerTest in 4.309 seconds (process running for 9.547)
]]></system-out>
  <system-err><![CDATA[]]></system-err>
</testsuite>
