<?xml version="1.0" encoding="UTF-8"?>
<testsuite name="ru.kirillvodu.dorogame.stats.application.services.StatsServiceTest" tests="5" skipped="0" failures="0" errors="0" timestamp="2026-05-30T22:09:48.777Z" hostname="DESKTOP-C2BB2F2" time="0.827">
  <properties/>
  <testcase name="getGameHistory_returnsResultsForUser()" classname="ru.kirillvodu.dorogame.stats.application.services.StatsServiceTest" time="0.782"/>
  <testcase name="recordGameResult_existingPlayers_updatesStats()" classname="ru.kirillvodu.dorogame.stats.application.services.StatsServiceTest" time="0.015"/>
  <testcase name="recordGameResult_newPlayers_createsInitialStatsAndRecordsResult()" classname="ru.kirillvodu.dorogame.stats.application.services.StatsServiceTest" time="0.017"/>
  <testcase name="getPlayerStats_notFound_throwsObjectNotFoundException()" classname="ru.kirillvodu.dorogame.stats.application.services.StatsServiceTest" time="0.009"/>
  <testcase name="getPlayerStats_found_returnsStats()" classname="ru.kirillvodu.dorogame.stats.application.services.StatsServiceTest" time="0.003"/>
  <system-out><![CDATA[]]></system-out>
  <system-err><![CDATA[]]></system-err>
</testsuite>
