<?xml version="1.0" encoding="UTF-8"?>
<testsuite name="ru.kirillvodu.dorogame.user.application.services.UserServiceTest" tests="4" skipped="0" failures="0" errors="0" timestamp="2026-05-30T22:09:27.026Z" hostname="DESKTOP-C2BB2F2" time="0.196">
  <properties/>
  <testcase name="getById_notFound_throwsObjectNotFoundException()" classname="ru.kirillvodu.dorogame.user.application.services.UserServiceTest" time="0.168"/>
  <testcase name="getById_found_returnsUser()" classname="ru.kirillvodu.dorogame.user.application.services.UserServiceTest" time="0.009"/>
  <testcase name="getByIds_returnsAllMatchingUsers()" classname="ru.kirillvodu.dorogame.user.application.services.UserServiceTest" time="0.004"/>
  <testcase name="register_savesUserWithZeroScore()" classname="ru.kirillvodu.dorogame.user.application.services.UserServiceTest" time="0.014"/>
  <system-out><![CDATA[]]></system-out>
  <system-err><![CDATA[]]></system-err>
</testsuite>
