<?xml version="1.0" encoding="UTF-8"?>
<testsuite name="ru.kirillvodu.dorogame.game.domain.DoroGameTest" tests="7" skipped="0" failures="0" errors="0" timestamp="2026-05-30T22:25:49.840Z" hostname="DESKTOP-C2BB2F2" time="0.747">
  <properties/>
  <testcase name="makeMove_success_switchesTurn()" classname="ru.kirillvodu.dorogame.game.domain.DoroGameTest" time="0.718"/>
  <testcase name="constructor_invalidTurn_throwsIllegalArgumentException()" classname="ru.kirillvodu.dorogame.game.domain.DoroGameTest" time="0.01"/>
  <testcase name="makeMove_player1Wins_setsFinishedAndWinner()" classname="ru.kirillvodu.dorogame.game.domain.DoroGameTest" time="0.002"/>
  <testcase name="makeMove_gameAlreadyFinished_throwsIllegalStateException()" classname="ru.kirillvodu.dorogame.game.domain.DoroGameTest" time="0.003"/>
  <testcase name="makeMove_invalidCoords_throwsIllegalArgumentException()" classname="ru.kirillvodu.dorogame.game.domain.DoroGameTest" time="0.003"/>
  <testcase name="makeMove_occupiedCell_throwsIllegalStateException()" classname="ru.kirillvodu.dorogame.game.domain.DoroGameTest" time="0.003"/>
  <testcase name="makeMove_wrongPlayer_throwsIllegalStateException()" classname="ru.kirillvodu.dorogame.game.domain.DoroGameTest" time="0.004"/>
  <system-out><![CDATA[]]></system-out>
  <system-err><![CDATA[]]></system-err>
</testsuite>
