<?xml version="1.0" encoding="UTF-8"?>
<testsuite name="ru.kirillvodu.dorogame.game.application.services.GameServiceTest" tests="5" skipped="0" failures="0" errors="0" timestamp="2026-05-30T22:25:50.601Z" hostname="DESKTOP-C2BB2F2" time="0.203">
  <properties/>
  <testcase name="makeMove_gameNotFound_throwsObjectNotFoundException()" classname="ru.kirillvodu.dorogame.game.application.services.GameServiceTest" time="0.073"/>
  <testcase name="getGame_found_returnsGame()" classname="ru.kirillvodu.dorogame.game.application.services.GameServiceTest" time="0.081"/>
  <testcase name="makeMove_gameFinished_publishesEvent()" classname="ru.kirillvodu.dorogame.game.application.services.GameServiceTest" time="0.029"/>
  <testcase name="makeMove_notFinished_returnsMoveResultAndDoesNotPublish()" classname="ru.kirillvodu.dorogame.game.application.services.GameServiceTest" time="0.008"/>
  <testcase name="getGame_notFound_throwsObjectNotFoundException()" classname="ru.kirillvodu.dorogame.game.application.services.GameServiceTest" time="0.006"/>
  <system-out><![CDATA[]]></system-out>
  <system-err><![CDATA[]]></system-err>
</testsuite>
