<?xml version="1.0" encoding="UTF-8"?>
<testsuite name="ru.kirillvodu.dorogame.game.presentation.controllers.PublicInvitationControllerTest" tests="3" skipped="0" failures="0" errors="0" timestamp="2026-05-30T22:26:04.407Z" hostname="DESKTOP-C2BB2F2" time="0.606">
  <properties/>
  <testcase name="getAllPublicInvitations_returnsEmptyList_whenNoneExist()" classname="ru.kirillvodu.dorogame.game.presentation.controllers.PublicInvitationControllerTest" time="0.383"/>
  <testcase name="getAllPublicInvitations_returnsInvitations_whenExist()" classname="ru.kirillvodu.dorogame.game.presentation.controllers.PublicInvitationControllerTest" time="0.17"/>
  <testcase name="createPublicInvitation_returnsCreatedInvitation()" classname="ru.kirillvodu.dorogame.game.presentation.controllers.PublicInvitationControllerTest" time="0.048"/>
  <system-out><![CDATA[01:25:51.365 [Test worker] INFO org.testcontainers.images.PullPolicy -- Image pull policy will be performed by: DefaultPullPolicy()
01:25:51.371 [Test worker] INFO org.testcontainers.utility.ImageNameSubstitutor -- Image name substitution will be performed by: DefaultImageNameSubstitutor (composite of 'ConfigurationFileImageNameSubstitutor' and 'PrefixingImageNameSubstitutor')
01:25:51.383 [Test worker] INFO org.testcontainers.DockerClientFactory -- Testcontainers version: 1.20.4
01:25:51.612 [Test worker] INFO org.testcontainers.dockerclient.DockerClientProviderStrategy -- Loaded org.testcontainers.dockerclient.NpipeSocketClientProviderStrategy from ~/.testcontainers.properties, will try it first
01:25:51.884 [Test worker] INFO org.testcontainers.dockerclient.DockerClientProviderStrategy -- Found Docker environment with local Npipe socket (npipe:////./pipe/docker_engine)
01:25:51.885 [Test worker] INFO org.testcontainers.DockerClientFactory -- Docker host IP address is localhost
01:25:51.898 [Test worker] INFO org.testcontainers.DockerClientFactory -- Connected to docker: 
  Server Version: 26.0.0
  API Version: 1.45
  Operating System: Docker Desktop
  Total Memory: 7793 MB
  Labels: 
    com.docker.desktop.address=npipe://\\.\pipe\docker_cli
01:25:51.937 [Test worker] INFO tc.testcontainers/ryuk:0.11.0 -- Creating container for image: testcontainers/ryuk:0.11.0
01:25:52.082 [Test worker] INFO org.testcontainers.utility.RegistryAuthLocator -- Credential helper/store (docker-credential-desktop) does not have credentials for https://index.docker.io/v1/
01:25:52.573 [Test worker] INFO tc.testcontainers/ryuk:0.11.0 -- Container testcontainers/ryuk:0.11.0 is starting: 98feb22192b7991ba2ccec7342d8f88a4dfe60390159dddcb04fe9a59fdca325
01:25:54.108 [Test worker] INFO tc.testcontainers/ryuk:0.11.0 -- Container testcontainers/ryuk:0.11.0 started in PT2.1709935S
01:25:54.127 [Test worker] INFO org.testcontainers.utility.RyukResourceReaper -- Ryuk started - will monitor and terminate Testcontainers containers on JVM exit
01:25:54.127 [Test worker] INFO org.testcontainers.DockerClientFactory -- Checking the system...
01:25:54.128 [Test worker] INFO org.testcontainers.DockerClientFactory -- ✔︎ Docker server version should be at least 1.6.0
01:25:54.128 [Test worker] INFO tc.postgres:16-alpine -- Creating container for image: postgres:16-alpine
01:25:54.256 [Test worker] INFO tc.postgres:16-alpine -- Container postgres:16-alpine is starting: 46cecd7f7c228362a69d102793a18d48915a84ca4e12663859bd38bb36e2a614
01:25:57.742 [Test worker] INFO tc.postgres:16-alpine -- Container postgres:16-alpine started in PT3.6140408S
01:25:57.744 [Test worker] INFO tc.postgres:16-alpine -- Container is started (JDBC URL: jdbc:postgresql://localhost:57960/gamedb_test?loggerLevel=OFF)

  .   ____          _            __ _ _
 /\\ / ___'_ __ _ _(_)_ __  __ _ \ \ \ \
( ( )\___ | '_ | '_| | '_ \/ _` | \ \ \ \
 \\/  ___)| |_)| | | | | || (_| |  ) ) ) )
  '  |____| .__|_| |_|_| |_\__, | / / / /
 =========|_|==============|___/=/_/_/_/

 :: Spring Boot ::                (v3.4.4)

2026-05-31T01:25:58.366+03:00  INFO 14008 --- [game-service-test] [    Test worker] k.d.g.p.c.PublicInvitationControllerTest : Starting PublicInvitationControllerTest using Java 21.0.7 with PID 14008 (started by kirill in C:\Users\kirill\DoroGameJava\game-service)
2026-05-31T01:25:58.367+03:00  INFO 14008 --- [game-service-test] [    Test worker] k.d.g.p.c.PublicInvitationControllerTest : No active profile set, falling back to 1 default profile: "default"
2026-05-31T01:25:59.459+03:00  INFO 14008 --- [game-service-test] [    Test worker] .s.d.r.c.RepositoryConfigurationDelegate : Bootstrapping Spring Data JPA repositories in DEFAULT mode.
2026-05-31T01:25:59.572+03:00  INFO 14008 --- [game-service-test] [    Test worker] .s.d.r.c.RepositoryConfigurationDelegate : Finished Spring Data repository scanning in 100 ms. Found 3 JPA repository interfaces.
2026-05-31T01:26:00.474+03:00  INFO 14008 --- [game-service-test] [    Test worker] o.hibernate.jpa.internal.util.LogHelper  : HHH000204: Processing PersistenceUnitInfo [name: default]
2026-05-31T01:26:00.594+03:00  INFO 14008 --- [game-service-test] [    Test worker] org.hibernate.Version                    : HHH000412: Hibernate ORM core version 6.6.11.Final
2026-05-31T01:26:00.653+03:00  INFO 14008 --- [game-service-test] [    Test worker] o.h.c.internal.RegionFactoryInitiator    : HHH000026: Second-level cache disabled
2026-05-31T01:26:00.938+03:00  INFO 14008 --- [game-service-test] [    Test worker] o.s.o.j.p.SpringPersistenceUnitInfo      : No LoadTimeWeaver setup: ignoring JPA class transformer
2026-05-31T01:26:00.995+03:00  INFO 14008 --- [game-service-test] [    Test worker] com.zaxxer.hikari.HikariDataSource       : HikariPool-1 - Starting...
2026-05-31T01:26:01.262+03:00  INFO 14008 --- [game-service-test] [    Test worker] com.zaxxer.hikari.pool.HikariPool        : HikariPool-1 - Added connection org.postgresql.jdbc.PgConnection@2a20aa4e
2026-05-31T01:26:01.264+03:00  INFO 14008 --- [game-service-test] [    Test worker] com.zaxxer.hikari.HikariDataSource       : HikariPool-1 - Start completed.
2026-05-31T01:26:01.370+03:00  INFO 14008 --- [game-service-test] [    Test worker] org.hibernate.orm.connections.pooling    : HHH10001005: Database info:
	Database JDBC URL [Connecting through datasource 'HikariDataSource (HikariPool-1)']
	Database driver: undefined/unknown
	Database version: 16.13
	Autocommit mode: undefined/unknown
	Isolation level: undefined/unknown
	Minimum pool size: undefined/unknown
	Maximum pool size: undefined/unknown
2026-05-31T01:26:02.653+03:00  INFO 14008 --- [game-service-test] [    Test worker] o.h.e.t.j.p.i.JtaPlatformInitiator       : HHH000489: No JTA platform available (set 'hibernate.transaction.jta.platform' to enable JTA platform integration)
2026-05-31T01:26:02.764+03:00  INFO 14008 --- [game-service-test] [    Test worker] j.LocalContainerEntityManagerFactoryBean : Initialized JPA EntityManagerFactory for persistence unit 'default'
2026-05-31T01:26:03.698+03:00  WARN 14008 --- [game-service-test] [    Test worker] JpaBaseConfiguration$JpaWebConfiguration : spring.jpa.open-in-view is enabled by default. Therefore, database queries may be performed during view rendering. Explicitly configure spring.jpa.open-in-view to disable this warning
2026-05-31T01:26:03.770+03:00  INFO 14008 --- [game-service-test] [    Test worker] o.s.v.b.OptionalValidatorFactoryBean     : Failed to set up a Bean Validation provider: jakarta.validation.NoProviderFoundException: Unable to create a Configuration, because no Jakarta Bean Validation provider could be found. Add a provider like Hibernate Validator (RI) to your classpath.
2026-05-31T01:26:04.314+03:00  INFO 14008 --- [game-service-test] [    Test worker] o.s.b.t.m.w.SpringBootMockServletContext : Initializing Spring TestDispatcherServlet ''
2026-05-31T01:26:04.314+03:00  INFO 14008 --- [game-service-test] [    Test worker] o.s.t.web.servlet.TestDispatcherServlet  : Initializing Servlet ''
2026-05-31T01:26:04.317+03:00  INFO 14008 --- [game-service-test] [    Test worker] o.s.t.web.servlet.TestDispatcherServlet  : Completed initialization in 2 ms
2026-05-31T01:26:04.386+03:00  INFO 14008 --- [game-service-test] [    Test worker] k.d.g.p.c.PublicInvitationControllerTest : Started PublicInvitationControllerTest in 6.548 seconds (process running for 15.55)
]]></system-out>
  <system-err><![CDATA[]]></system-err>
</testsuite>
